# JRE version: Java(TM) SE Runtime Environment (21.0+35) (build 21+35-LTS-2513)
# Java VM: Java HotSpot(TM) 64-Bit Server VM (21+35-LTS-2513, mixed mode, sharing, tiered, compressed oops, compressed class ptrs, g1 gc, windows-amd64)
GC Precious Log:
 CardTable entry size: 512
 Card Set container configuration: InlinePtr #cards 4 size 8 Array Of Cards #cards 16 size 48 Howl #buckets 8 coarsen threshold 3686 Howl Bitmap #cards 512 size 80 coarsen threshold 460 Card regions per heap region 1 cards per card region 4096
 CPUs: 12 total, 12 available
 Memory: 12049M
 Large Page Support: Disabled
 NUMA Support: Disabled
 Compressed Oops: Enabled (Zero based)
 Heap Region Size: 2M
 Heap Min Capacity: 8M
 Heap Initial Capacity: 190M
 Heap Max Capacity: 3014M
 Pre-touch: Disabled
 Parallel Workers: 10
 Concurrent Workers: 3
 Concurrent Refinement Workers: 10
 Periodic GC: Disabled
Heap:
 garbage-first heap   total 583680K, used 389236K [0x0000000743a00000, 0x0000000800000000)
  region size 2048K, 6 young (12288K), 6 survivors (12288K)
 Metaspace       used 576K, committed 704K, reserved 1114112K
  class space    used 40K, committed 128K, reserved 1048576K
GC Heap History (17 events):
Event: 0.114 GC heap before
{Heap before GC invocations=0 (full 0):
 garbage-first heap   total 194560K, used 22528K [0x0000000743a00000, 0x0000000800000000)
  region size 2048K, 11 young (22528K), 0 survivors (0K)
 Metaspace       used 545K, committed 704K, reserved 1114112K
  class space    used 40K, committed 128K, reserved 1048576K
}
Event: 0.120 GC heap after
{Heap after GC invocations=1 (full 0):
 garbage-first heap   total 194560K, used 20096K [0x0000000743a00000, 0x0000000800000000)
  region size 2048K, 2 young (4096K), 2 survivors (4096K)
 Metaspace       used 545K, committed 704K, reserved 1114112K
  class space    used 40K, committed 128K, reserved 1048576K
}
Event: 0.122 GC heap before
{Heap before GC invocations=1 (full 0):
 garbage-first heap   total 194560K, used 32384K [0x0000000743a00000, 0x0000000800000000)
  region size 2048K, 8 young (16384K), 2 survivors (4096K)
 Metaspace       used 546K, committed 704K, reserved 1114112K
  class space    used 40K, committed 128K, reserved 1048576K
}
Event: 0.127 GC heap after
{Heap after GC invocations=2 (full 0):
 garbage-first heap   total 194560K, used 32230K [0x0000000743a00000, 0x0000000800000000)
  region size 2048K, 1 young (2048K), 1 survivors (2048K)
 Metaspace       used 546K, committed 704K, reserved 1114112K
  class space    used 40K, committed 128K, reserved 1048576K
}
Event: 0.130 GC heap before
{Heap before GC invocations=2 (full 0):
 garbage-first heap   total 194560K, used 54758K [0x0000000743a00000, 0x0000000800000000)
  region size 2048K, 13 young (26624K), 1 survivors (2048K)
 Metaspace       used 546K, committed 704K, reserved 1114112K
  class space    used 40K, committed 128K, reserved 1048576K
}
Event: 0.137 GC heap after
{Heap after GC invocations=3 (full 0):
 garbage-first heap   total 194560K, used 56634K [0x0000000743a00000, 0x0000000800000000)
  region size 2048K, 2 young (4096K), 2 survivors (4096K)
 Metaspace       used 546K, committed 704K, reserved 1114112K
  class space    used 40K, committed 128K, reserved 1048576K
}
Event: 0.141 GC heap before
{Heap before GC invocations=3 (full 0):
 garbage-first heap   total 194560K, used 85306K [0x0000000743a00000, 0x0000000800000000)
  region size 2048K, 16 young (32768K), 2 survivors (4096K)
 Metaspace       used 546K, committed 704K, reserved 1114112K
  class space    used 40K, committed 128K, reserved 1048576K
}
Event: 0.150 GC heap after
{Heap after GC invocations=4 (full 0):
 garbage-first heap   total 194560K, used 85110K [0x0000000743a00000, 0x0000000800000000)
  region size 2048K, 2 young (4096K), 2 survivors (4096K)
 Metaspace       used 546K, committed 704K, reserved 1114112K
  class space    used 40K, committed 128K, reserved 1048576K
}
Event: 0.155 GC heap before
{Heap before GC invocations=4 (full 0):
 garbage-first heap   total 194560K, used 115830K [0x0000000743a00000, 0x0000000800000000)
  region size 2048K, 17 young (34816K), 2 survivors (4096K)
 Metaspace       used 546K, committed 704K, reserved 1114112K
  class space    used 40K, committed 128K, reserved 1048576K
}
Event: 0.166 GC heap after
{Heap after GC invocations=5 (full 0):
 garbage-first heap   total 583680K, used 115670K [0x0000000743a00000, 0x0000000800000000)
  region size 2048K, 3 young (6144K), 3 survivors (6144K)
 Metaspace       used 546K, committed 704K, reserved 1114112K
  class space    used 40K, committed 128K, reserved 1048576K
}
Event: 0.178 GC heap before
{Heap before GC invocations=5 (full 0):
 garbage-first heap   total 583680K, used 166870K [0x0000000743a00000, 0x0000000800000000)
  region size 2048K, 28 young (57344K), 3 survivors (6144K)
 Metaspace       used 546K, committed 704K, reserved 1114112K
  class space    used 40K, committed 128K, reserved 1048576K
}
Event: 0.194 GC heap after
{Heap after GC invocations=6 (full 0):
 garbage-first heap   total 583680K, used 166422K [0x0000000743a00000, 0x0000000800000000)
  region size 2048K, 4 young (8192K), 4 survivors (8192K)
 Metaspace       used 546K, committed 704K, reserved 1114112K
  class space    used 40K, committed 128K, reserved 1048576K
}
Event: 0.205 GC heap before
{Heap before GC invocations=6 (full 0):
 garbage-first heap   total 583680K, used 227862K [0x0000000743a00000, 0x0000000800000000)
  region size 2048K, 34 young (69632K), 4 survivors (8192K)
 Metaspace       used 546K, committed 704K, reserved 1114112K
  class space    used 40K, committed 128K, reserved 1048576K
}
Event: 0.221 GC heap after
{Heap after GC invocations=7 (full 0):
 garbage-first heap   total 583680K, used 227598K [0x0000000743a00000, 0x0000000800000000)
  region size 2048K, 5 young (10240K), 5 survivors (10240K)
 Metaspace       used 546K, committed 704K, reserved 1114112K
  class space    used 40K, committed 128K, reserved 1048576K
}
Event: 0.234 GC heap before
{Heap before GC invocations=7 (full 0):
 garbage-first heap   total 583680K, used 305422K [0x0000000743a00000, 0x0000000800000000)
  region size 2048K, 43 young (88064K), 5 survivors (10240K)
 Metaspace       used 546K, committed 704K, reserved 1114112K
  class space    used 40K, committed 128K, reserved 1048576K
}
Event: 0.259 GC heap after
{Heap after GC invocations=8 (full 0):
 garbage-first heap   total 583680K, used 305287K [0x0000000743a00000, 0x0000000800000000)
  region size 2048K, 6 young (12288K), 6 survivors (12288K)
 Metaspace       used 546K, committed 704K, reserved 1114112K
  class space    used 40K, committed 128K, reserved 1048576K
}
Event: 1.434 GC heap before
{Heap before GC invocations=8 (full 0):
 garbage-first heap   total 583680K, used 389255K [0x0000000743a00000, 0x0000000800000000)
  region size 2048K, 47 young (96256K), 6 survivors (12288K)
 Metaspace       used 576K, committed 704K, reserved 1114112K
  class space    used 40K, committed 128K, reserved 1048576K
}

