# JRE version: Java(TM) SE Runtime Environment (21.0+35) (build 21+35-LTS-2513)
# Java VM: Java HotSpot(TM) 64-Bit Server VM (21+35-LTS-2513, mixed mode, sharing, tiered, compressed oops, compressed class ptrs, g1 gc, windows-amd64)
GC Precious Log:
 CardTable entry size: 512
 Card Set container configuration: InlinePtr #cards 4 size 8 Array Of Cards #cards 16 size 48 Howl #buckets 8 coarsen threshold 3686 Howl Bitmap #cards 512 size 80 coarsen threshold 460 Card regions per heap region 1 cards per card region 4096
 CPUs: 12 total, 12 available
 Memory: 12049M
 Large Page Support: Disabled
 NUMA Support: Disabled
 Compressed Oops: Enabled (Zero based)
 Heap Region Size: 2M
 Heap Min Capacity: 8M
 Heap Initial Capacity: 190M
 Heap Max Capacity: 3014M
 Pre-touch: Disabled
 Parallel Workers: 10
 Concurrent Workers: 3
 Concurrent Refinement Workers: 10
 Periodic GC: Disabled
Heap:
 garbage-first heap   total 583680K, used 388495K [0x0000000743a00000, 0x0000000800000000)
  region size 2048K, 6 young (12288K), 6 survivors (12288K)
 Metaspace       used 573K, committed 704K, reserved 1114112K
  class space    used 40K, committed 128K, reserved 1048576K
GC Heap History (17 events):
Event: 0.118 GC heap before
{Heap before GC invocations=0 (full 0):
 garbage-first heap   total 194560K, used 22528K [0x0000000743a00000, 0x0000000800000000)
  region size 2048K, 11 young (22528K), 0 survivors (0K)
 Metaspace       used 542K, committed 704K, reserved 1114112K
  class space    used 40K, committed 128K, reserved 1048576K
}
Event: 0.126 GC heap after
{Heap after GC invocations=1 (full 0):
 garbage-first heap   total 194560K, used 20096K [0x0000000743a00000, 0x0000000800000000)
  region size 2048K, 2 young (4096K), 2 survivors (4096K)
 Metaspace       used 542K, committed 704K, reserved 1114112K
  class space    used 40K, committed 128K, reserved 1048576K
}
Event: 0.129 GC heap before
{Heap before GC invocations=1 (full 0):
 garbage-first heap   total 194560K, used 32384K [0x0000000743a00000, 0x0000000800000000)
  region size 2048K, 8 young (16384K), 2 survivors (4096K)
 Metaspace       used 543K, committed 704K, reserved 1114112K
  class space    used 40K, committed 128K, reserved 1048576K
}
Event: 0.135 GC heap after
{Heap after GC invocations=2 (full 0):
 garbage-first heap   total 194560K, used 32199K [0x0000000743a00000, 0x0000000800000000)
  region size 2048K, 1 young (2048K), 1 survivors (2048K)
 Metaspace       used 543K, committed 704K, reserved 1114112K
  class space    used 40K, committed 128K, reserved 1048576K
}
Event: 0.138 GC heap before
{Heap before GC invocations=2 (full 0):
 garbage-first heap   total 194560K, used 52679K [0x0000000743a00000, 0x0000000800000000)
  region size 2048K, 12 young (24576K), 1 survivors (2048K)
 Metaspace       used 543K, committed 704K, reserved 1114112K
  class space    used 40K, committed 128K, reserved 1048576K
}
Event: 0.146 GC heap after
{Heap after GC invocations=3 (full 0):
 garbage-first heap   total 194560K, used 54562K [0x0000000743a00000, 0x0000000800000000)
  region size 2048K, 2 young (4096K), 2 survivors (4096K)
 Metaspace       used 543K, committed 704K, reserved 1114112K
  class space    used 40K, committed 128K, reserved 1048576K
}
Event: 0.151 GC heap before
{Heap before GC invocations=3 (full 0):
 garbage-first heap   total 194560K, used 83234K [0x0000000743a00000, 0x0000000800000000)
  region size 2048K, 16 young (32768K), 2 survivors (4096K)
 Metaspace       used 543K, committed 704K, reserved 1114112K
  class space    used 40K, committed 128K, reserved 1048576K
}
Event: 0.161 GC heap after
{Heap after GC invocations=4 (full 0):
 garbage-first heap   total 194560K, used 82884K [0x0000000743a00000, 0x0000000800000000)
  region size 2048K, 2 young (4096K), 2 survivors (4096K)
 Metaspace       used 543K, committed 704K, reserved 1114112K
  class space    used 40K, committed 128K, reserved 1048576K
}
Event: 0.166 GC heap before
{Heap before GC invocations=4 (full 0):
 garbage-first heap   total 194560K, used 115652K [0x0000000743a00000, 0x0000000800000000)
  region size 2048K, 18 young (36864K), 2 survivors (4096K)
 Metaspace       used 543K, committed 704K, reserved 1114112K
  class space    used 40K, committed 128K, reserved 1048576K
}
Event: 0.177 GC heap after
{Heap after GC invocations=5 (full 0):
 garbage-first heap   total 583680K, used 115547K [0x0000000743a00000, 0x0000000800000000)
  region size 2048K, 3 young (6144K), 3 survivors (6144K)
 Metaspace       used 543K, committed 704K, reserved 1114112K
  class space    used 40K, committed 128K, reserved 1048576K
}
Event: 0.189 GC heap before
{Heap before GC invocations=5 (full 0):
 garbage-first heap   total 583680K, used 164699K [0x0000000743a00000, 0x0000000800000000)
  region size 2048K, 27 young (55296K), 3 survivors (6144K)
 Metaspace       used 543K, committed 704K, reserved 1114112K
  class space    used 40K, committed 128K, reserved 1048576K
}
Event: 0.205 GC heap after
{Heap after GC invocations=6 (full 0):
 garbage-first heap   total 583680K, used 164460K [0x0000000743a00000, 0x0000000800000000)
  region size 2048K, 4 young (8192K), 4 survivors (8192K)
 Metaspace       used 543K, committed 704K, reserved 1114112K
  class space    used 40K, committed 128K, reserved 1048576K
}
Event: 0.215 GC heap before
{Heap before GC invocations=6 (full 0):
 garbage-first heap   total 583680K, used 225900K [0x0000000743a00000, 0x0000000800000000)
  region size 2048K, 34 young (69632K), 4 survivors (8192K)
 Metaspace       used 543K, committed 704K, reserved 1114112K
  class space    used 40K, committed 128K, reserved 1048576K
}
Event: 0.231 GC heap after
{Heap after GC invocations=7 (full 0):
 garbage-first heap   total 583680K, used 225765K [0x0000000743a00000, 0x0000000800000000)
  region size 2048K, 5 young (10240K), 5 survivors (10240K)
 Metaspace       used 543K, committed 704K, reserved 1114112K
  class space    used 40K, committed 128K, reserved 1048576K
}
Event: 0.240 GC heap before
{Heap before GC invocations=7 (full 0):
 garbage-first heap   total 583680K, used 301541K [0x0000000743a00000, 0x0000000800000000)
  region size 2048K, 42 young (86016K), 5 survivors (10240K)
 Metaspace       used 543K, committed 704K, reserved 1114112K
  class space    used 40K, committed 128K, reserved 1048576K
}
Event: 0.266 GC heap after
{Heap after GC invocations=8 (full 0):
 garbage-first heap   total 583680K, used 301467K [0x0000000743a00000, 0x0000000800000000)
  region size 2048K, 6 young (12288K), 6 survivors (12288K)
 Metaspace       used 543K, committed 704K, reserved 1114112K
  class space    used 40K, committed 128K, reserved 1048576K
}
Event: 1.363 GC heap before
{Heap before GC invocations=8 (full 0):
 garbage-first heap   total 583680K, used 387483K [0x0000000743a00000, 0x0000000800000000)
  region size 2048K, 48 young (98304K), 6 survivors (12288K)
 Metaspace       used 573K, committed 704K, reserved 1114112K
  class space    used 40K, committed 128K, reserved 1048576K
}

